This is pdfTeX, Version 3.1415926-2.4-1.40.13 (TeX Live 2012/Debian) (format=pdflatex 2012.12.3)  11 FEB 2013 17:06
entering extended mode
 restricted \write18 enabled.
 %&-line parsing enabled.
**relazione.tex
(./relazione.tex
LaTeX2e <2011/06/27>
Babel <v3.8m> and hyphenation patterns for english, dumylang, nohyphenation, lo
aded.
(/usr/share/texlive/texmf-dist/tex/latex/koma-script/scrartcl.cls
Document Class: scrartcl 2012/05/15 v3.11 KOMA-Script document class (article)
(/usr/share/texlive/texmf-dist/tex/latex/koma-script/scrkbase.sty
Package: scrkbase 2012/05/15 v3.11 KOMA-Script package (KOMA-Script-dependent b
asics and keyval usage)

(/usr/share/texlive/texmf-dist/tex/latex/koma-script/scrbase.sty
Package: scrbase 2012/05/15 v3.11 KOMA-Script package (KOMA-Script-independent 
basics and keyval usage)

(/usr/share/texlive/texmf-dist/tex/latex/graphics/keyval.sty
Package: keyval 1999/03/16 v1.13 key=value parser (DPC)
\KV@toks@=\toks14
)
(/usr/share/texlive/texmf-dist/tex/latex/koma-script/scrlfile.sty
Package: scrlfile 2011/03/09 v3.09 KOMA-Script package (loading files)

Package scrlfile, 2011/03/09 v3.09 KOMA-Script package (loading files)
                  Copyright (C) Markus Kohm

))) (/usr/share/texlive/texmf-dist/tex/latex/koma-script/tocbasic.sty
Package: tocbasic 2012/04/04 v3.10b KOMA-Script package (handling toc-files)
)
Package tocbasic Info: omitting babel extension for `toc'
(tocbasic)             because of feature `nobabel' available
(tocbasic)             for `toc' on input line 115.
Package tocbasic Info: omitting babel extension for `lof'
(tocbasic)             because of feature `nobabel' available
(tocbasic)             for `lof' on input line 116.
Package tocbasic Info: omitting babel extension for `lot'
(tocbasic)             because of feature `nobabel' available
(tocbasic)             for `lot' on input line 117.
Class scrartcl Info: You've used standard option `onecolumn'.
(scrartcl)           This is correct!
(scrartcl)           Internally I'm using `twocolumn=false'.
(scrartcl)           If you'd like to set the option with \KOMAoptions,
(scrartcl)           you'd have to use `twocolumn=false' there
(scrartcl)           instead of `onecolumn', too.
Class scrartcl Info: File `scrsize11pt.clo' used to setup font sizes on input l
ine 1265.

(/usr/share/texlive/texmf-dist/tex/latex/koma-script/scrsize11pt.clo
File: scrsize11pt.clo 2012/05/15 v3.11 KOMA-Script font size class option (11pt
)
)
(/usr/share/texlive/texmf-dist/tex/latex/koma-script/typearea.sty
Package: typearea 2012/05/15 v3.11 KOMA-Script package (type area)

Package typearea, 2012/05/15 v3.11 KOMA-Script package (type area)
                  Copyright (C) Frank Neukam, 1992-1994
                  Copyright (C) Markus Kohm, 1994-

\ta@bcor=\skip41
\ta@div=\count79
Package typearea Info: You've used standard option `onecolumn'.
(typearea)             This is correct!
(typearea)             Internally I'm using `twocolumn=false'.
(typearea)             If you'd like to set the option with \KOMAoptions,
(typearea)             you'd have to use `twocolumn=false' there
(typearea)             instead of `onecolumn', too.
\ta@hblk=\skip42
\ta@vblk=\skip43
\ta@temp=\skip44
DIV calculation for typearea with good linewidth.
Package typearea Info: These are the values describing the layout:
(typearea)             DIV  = 8
(typearea)             BCOR = 0.0pt
(typearea)             \paperwidth      = 597.50793pt
(typearea)              \textwidth      = 373.44246pt
(typearea)              DIV departure   = 0%
(typearea)              \evensidemargin = 39.76274pt
(typearea)              \oddsidemargin  = 39.76274pt
(typearea)             \paperheight     = 845.04694pt
(typearea)              \textheight     = 541.40024pt
(typearea)              \topmargin      = -4.03914pt
(typearea)              \headheight     = 17.0pt
(typearea)              \headsep        = 20.40001pt
(typearea)              \topskip        = 11.0pt
(typearea)              \footskip       = 47.60002pt
(typearea)              \baselineskip   = 13.6pt
(typearea)              on input line 1211.
)
\c@part=\count80
\c@section=\count81
\c@subsection=\count82
\c@subsubsection=\count83
\c@paragraph=\count84
\c@subparagraph=\count85
\abovecaptionskip=\skip45
\belowcaptionskip=\skip46
\c@pti@nb@sid@b@x=\box26
\c@figure=\count86
\c@table=\count87
\bibindent=\dimen102
) (/usr/share/texlive/texmf-dist/tex/latex/lipsum/lipsum.sty
Package: lipsum 2011/04/14 v1.2 150 paragraphs of Lorem Ipsum dummy text
\c@lips@count=\count88
)
(/usr/share/texlive/texmf-dist/tex/latex/float/float.sty
Package: float 2001/11/08 v1.3d Float enhancements (AL)
\c@float@type=\count89
\float@exts=\toks15
\float@box=\box27
\@float@everytoks=\toks16
\@floatcapt=\box28
)
(/usr/share/texlive/texmf-dist/tex/latex/base/inputenc.sty
Package: inputenc 2008/03/30 v1.1d Input encoding file
\inpenc@prehook=\toks17
\inpenc@posthook=\toks18

(/usr/share/texlive/texmf-dist/tex/latex/ucs/utf8x.def
File: utf8x.def 2004/10/17 UCS: Input encoding UTF-8
))
(/usr/share/texlive/texmf-dist/tex/latex/ucs/ucs.sty
Package: ucs 2004/10/17 UCS: Unicode input support

(/usr/share/texlive/texmf-dist/tex/latex/ucs/data/uni-global.def
File: uni-global.def 2012/04/20 UCS: Unicode global data
)
\uc@secondtry=\count90
\uc@combtoks=\toks19
\uc@combtoksb=\toks20
\uc@temptokena=\toks21
)
(/usr/share/texlive/texmf-dist/tex/generic/babel/babel.sty
Package: babel 2008/07/08 v3.8m The Babel package

(/usr/share/texlive/texmf-dist/tex/generic/babel/italian.ldf
Language: italian 2008/03/14 v1.2t Italian support from the babel system

(/usr/share/texlive/texmf-dist/tex/generic/babel/babel.def
File: babel.def 2008/07/08 v3.8m Babel common definitions
\babel@savecnt=\count91
\U@D=\dimen103
)

Package babel Warning: No hyphenation patterns were loaded for
(babel)                the language `Italian'
(babel)                I will use the patterns loaded for \language=0 instead.

\l@italian = a dialect from \language0
Package babel Info: Making " an active character on input line 94.
)) (/usr/share/texlive/texmf-dist/tex/latex/microtype/microtype.sty
Package: microtype 2010/01/10 v2.4 Micro-typography with pdfTeX (RS)
\MT@toks=\toks22
\MT@count=\count92
LaTeX Info: Redefining \lsstyle on input line 1597.
LaTeX Info: Redefining \lslig on input line 1597.
\MT@outer@space=\skip47
LaTeX Info: Redefining \textls on input line 1605.
\MT@outer@kern=\dimen104
LaTeX Info: Redefining \textmicrotypecontext on input line 2156.
Package microtype Info: Loading configuration file microtype.cfg.

(/usr/share/texlive/texmf-dist/tex/latex/microtype/microtype.cfg
File: microtype.cfg 2010/01/10 v2.4 microtype main configuration file (RS)
))
(/usr/share/texlive/texmf-dist/tex/latex/amsmath/amsmath.sty
Package: amsmath 2000/07/18 v2.13 AMS math features
\@mathmargin=\skip48

For additional information on amsmath, use the `?' option.
(/usr/share/texlive/texmf-dist/tex/latex/amsmath/amstext.sty
Package: amstext 2000/06/29 v2.01

(/usr/share/texlive/texmf-dist/tex/latex/amsmath/amsgen.sty
File: amsgen.sty 1999/11/30 v2.0
\@emptytoks=\toks23
\ex@=\dimen105
))
(/usr/share/texlive/texmf-dist/tex/latex/amsmath/amsbsy.sty
Package: amsbsy 1999/11/29 v1.2d
\pmbraise@=\dimen106
)
(/usr/share/texlive/texmf-dist/tex/latex/amsmath/amsopn.sty
Package: amsopn 1999/12/14 v2.01 operator names
)
\inf@bad=\count93
LaTeX Info: Redefining \frac on input line 211.
\uproot@=\count94
\leftroot@=\count95
LaTeX Info: Redefining \overline on input line 307.
\classnum@=\count96
\DOTSCASE@=\count97
LaTeX Info: Redefining \ldots on input line 379.
LaTeX Info: Redefining \dots on input line 382.
LaTeX Info: Redefining \cdots on input line 467.
\Mathstrutbox@=\box29
\strutbox@=\box30
\big@size=\dimen107
LaTeX Font Info:    Redeclaring font encoding OML on input line 567.
LaTeX Font Info:    Redeclaring font encoding OMS on input line 568.
\macc@depth=\count98
\c@MaxMatrixCols=\count99
\dotsspace@=\muskip10
\c@parentequation=\count100
\dspbrk@lvl=\count101
\tag@help=\toks24
\row@=\count102
\column@=\count103
\maxfields@=\count104
\andhelp@=\toks25
\eqnshift@=\dimen108
\alignsep@=\dimen109
\tagshift@=\dimen110
\tagwidth@=\dimen111
\totwidth@=\dimen112
\lineht@=\dimen113
\@envbody=\toks26
\multlinegap=\skip49
\multlinetaggap=\skip50
\mathdisplay@stack=\toks27
LaTeX Info: Redefining \[ on input line 2666.
LaTeX Info: Redefining \] on input line 2667.
)
(/usr/share/texlive/texmf-dist/tex/latex/amsfonts/amsfonts.sty
Package: amsfonts 2009/06/22 v3.00 Basic AMSFonts support
\symAMSa=\mathgroup4
\symAMSb=\mathgroup5
LaTeX Font Info:    Overwriting math alphabet `\mathfrak' in version `bold'
(Font)                  U/euf/m/n --> U/euf/b/n on input line 96.
)
(/usr/share/texlive/texmf-dist/tex/latex/amscls/amsthm.sty
Package: amsthm 2009/07/02 v2.20.1
\thm@style=\toks28
\thm@bodyfont=\toks29
\thm@headfont=\toks30
\thm@notefont=\toks31
\thm@headpunct=\toks32
\thm@preskip=\skip51
\thm@postskip=\skip52
\thm@headsep=\skip53
\dth@everypar=\toks33
)
(/usr/share/texlive/texmf-dist/tex/latex/graphics/graphicx.sty
Package: graphicx 1999/02/16 v1.0f Enhanced LaTeX Graphics (DPC,SPQR)

(/usr/share/texlive/texmf-dist/tex/latex/graphics/graphics.sty
Package: graphics 2009/02/05 v1.0o Standard LaTeX Graphics (DPC,SPQR)

(/usr/share/texlive/texmf-dist/tex/latex/graphics/trig.sty
Package: trig 1999/03/16 v1.09 sin cos tan (DPC)
)
(/usr/share/texlive/texmf-dist/tex/latex/latexconfig/graphics.cfg
File: graphics.cfg 2010/04/23 v1.9 graphics configuration of TeX Live
)
Package graphics Info: Driver file: pdftex.def on input line 91.

(/usr/share/texlive/texmf-dist/tex/latex/pdftex-def/pdftex.def
File: pdftex.def 2011/05/27 v0.06d Graphics/color for pdfTeX

(/usr/share/texlive/texmf-dist/tex/generic/oberdiek/infwarerr.sty
Package: infwarerr 2010/04/08 v1.3 Providing info/warning/error messages (HO)
)
(/usr/share/texlive/texmf-dist/tex/generic/oberdiek/ltxcmds.sty
Package: ltxcmds 2011/11/09 v1.22 LaTeX kernel commands for general use (HO)
)
\Gread@gobject=\count105
))
\Gin@req@height=\dimen114
\Gin@req@width=\dimen115
)
(/usr/share/texmf/tex/latex/xcolor/xcolor.sty
Package: xcolor 2007/01/21 v2.11 LaTeX color extensions (UK)

(/usr/share/texlive/texmf-dist/tex/latex/latexconfig/color.cfg
File: color.cfg 2007/01/18 v1.5 color configuration of teTeX/TeXLive
)
Package xcolor Info: Driver file: pdftex.def on input line 225.
Package xcolor Info: Model `cmy' substituted by `cmy0' on input line 1337.
Package xcolor Info: Model `hsb' substituted by `rgb' on input line 1341.
Package xcolor Info: Model `RGB' extended on input line 1353.
Package xcolor Info: Model `HTML' substituted by `rgb' on input line 1355.
Package xcolor Info: Model `Hsb' substituted by `hsb' on input line 1356.
Package xcolor Info: Model `tHsb' substituted by `hsb' on input line 1357.
Package xcolor Info: Model `HSB' substituted by `hsb' on input line 1358.
Package xcolor Info: Model `Gray' substituted by `gray' on input line 1359.
Package xcolor Info: Model `wave' substituted by `hsb' on input line 1360.

(/usr/share/texmf/tex/latex/xcolor/svgnam.def
File: svgnam.def 2007/01/21 v2.11 Predefined colors according to SVG 1.1 (UK)
))
(/usr/share/texlive/texmf-dist/tex/latex/caption/caption.sty
Package: caption 2012/02/19 v3.2f Customizing captions (AR)

(/usr/share/texlive/texmf-dist/tex/latex/caption/caption3.sty
Package: caption3 2012/01/12 v1.4b caption3 kernel (AR)
\captionmargin=\dimen116
\captionmargin@=\dimen117
\captionwidth=\dimen118
\caption@indent=\dimen119
\caption@parindent=\dimen120
\caption@hangindent=\dimen121
)
Package caption Info: KOMA-Script document class.
\c@ContinuedFloat=\count106
Package caption Info: float package is loaded.
)
(/usr/share/texlive/texmf-dist/tex/latex/oberdiek/epstopdf.sty
Package: epstopdf 2010/02/09 v2.5 Conversion with epstopdf on the fly (HO)

(/usr/share/texlive/texmf-dist/tex/latex/oberdiek/epstopdf-base.sty
Package: epstopdf-base 2010/02/09 v2.5 Base part for package epstopdf

(/usr/share/texlive/texmf-dist/tex/latex/oberdiek/grfext.sty
Package: grfext 2010/08/19 v1.1 Manage graphics extensions (HO)

(/usr/share/texlive/texmf-dist/tex/generic/oberdiek/kvdefinekeys.sty
Package: kvdefinekeys 2011/04/07 v1.3 Define keys (HO)
))
(/usr/share/texlive/texmf-dist/tex/latex/oberdiek/kvoptions.sty
Package: kvoptions 2011/06/30 v3.11 Key value format for package options (HO)

(/usr/share/texlive/texmf-dist/tex/generic/oberdiek/kvsetkeys.sty
Package: kvsetkeys 2012/04/25 v1.16 Key value parser (HO)

(/usr/share/texlive/texmf-dist/tex/generic/oberdiek/etexcmds.sty
Package: etexcmds 2011/02/16 v1.5 Avoid name clashes with e-TeX commands (HO)

(/usr/share/texlive/texmf-dist/tex/generic/oberdiek/ifluatex.sty
Package: ifluatex 2010/03/01 v1.3 Provides the ifluatex switch (HO)
Package ifluatex Info: LuaTeX not detected.
)
Package etexcmds Info: Could not find \expanded.
(etexcmds)             That can mean that you are not using pdfTeX 1.50 or
(etexcmds)             that some package has redefined \expanded.
(etexcmds)             In the latter case, load this package earlier.
)))
(/usr/share/texlive/texmf-dist/tex/generic/oberdiek/pdftexcmds.sty
Package: pdftexcmds 2011/11/29 v0.20 Utility functions of pdfTeX for LuaTeX (HO
)

(/usr/share/texlive/texmf-dist/tex/generic/oberdiek/ifpdf.sty
Package: ifpdf 2011/01/30 v2.3 Provides the ifpdf switch (HO)
Package ifpdf Info: pdfTeX in PDF mode is detected.
)
Package pdftexcmds Info: LuaTeX not detected.
Package pdftexcmds Info: \pdf@primitive is available.
Package pdftexcmds Info: \pdf@ifprimitive is available.
Package pdftexcmds Info: \pdfdraftmode found.
)
Package grfext Info: Graphics extension search list:
(grfext)             [.png,.pdf,.jpg,.mps,.jpeg,.jbig2,.jb2,.PNG,.PDF,.JPG,.JPE
G,.JBIG2,.JB2,.eps]
(grfext)             \AppendGraphicsExtensions on input line 452.

(/usr/share/texlive/texmf-dist/tex/latex/latexconfig/epstopdf-sys.cfg
File: epstopdf-sys.cfg 2010/07/13 v1.3 Configuration of (r)epstopdf for TeX Liv
e
)))
(/usr/share/texlive/texmf-dist/tex/latex/subfig/subfig.sty
Package: subfig 2005/06/28 ver: 1.3 subfig package
\c@KVtest=\count107
\sf@farskip=\skip54
\sf@captopadj=\dimen122
\sf@capskip=\skip55
\sf@nearskip=\skip56
\c@subfigure=\count108
\c@subfigure@save=\count109
\c@lofdepth=\count110
\c@subtable=\count111
\c@subtable@save=\count112
\c@lotdepth=\count113
\sf@top=\skip57
\sf@bottom=\skip58
)
(/usr/share/texlive/texmf-dist/tex/latex/booktabs/booktabs.sty
Package: booktabs 2005/04/14 v1.61803 publication quality tables
\heavyrulewidth=\dimen123
\lightrulewidth=\dimen124
\cmidrulewidth=\dimen125
\belowrulesep=\dimen126
\belowbottomsep=\dimen127
\aboverulesep=\dimen128
\abovetopsep=\dimen129
\cmidrulesep=\dimen130
\cmidrulekern=\dimen131
\defaultaddspace=\dimen132
\@cmidla=\count114
\@cmidlb=\count115
\@aboverulesep=\dimen133
\@belowrulesep=\dimen134
\@thisruleclass=\count116
\@lastruleclass=\count117
\@thisrulewidth=\dimen135
)
(/usr/share/texlive/texmf-dist/tex/latex/base/fix-cm.sty
Package: fix-cm 2006/09/13 v1.1m fixes to LaTeX

(/usr/share/texlive/texmf-dist/tex/latex/base/ts1enc.def
File: ts1enc.def 2001/06/05 v3.0e (jk/car/fm) Standard LaTeX file
))
(/usr/share/texlive/texmf-dist/tex/latex/sectsty/sectsty.sty
Package: sectsty 2002/02/25 v2.0.2 Commands to change all sectional heading sty
les
)
(/usr/share/texlive/texmf-dist/tex/latex/fancyhdr/fancyhdr.sty
\fancy@headwidth=\skip59
\f@ncyO@elh=\skip60
\f@ncyO@erh=\skip61
\f@ncyO@olh=\skip62
\f@ncyO@orh=\skip63
\f@ncyO@elf=\skip64
\f@ncyO@erf=\skip65
\f@ncyO@olf=\skip66
\f@ncyO@orf=\skip67
)
(/usr/share/texlive/texmf-dist/tex/latex/lastpage/lastpage.sty
Package: lastpage 2011/09/01 v1.2k Refers to last page's name (HMM; JPG)
)
(/usr/share/texlive/texmf-dist/tex/latex/lettrine/lettrine.sty
File: lettrine.sty 2007/08/08 v1.62 (Daniel Flipo)
\c@DefaultLines=\count118
\DefaultFindent=\dimen136
\DefaultNindent=\dimen137
\DefaultSlope=\dimen138
\L@lbox=\box31
\L@tbox=\box32
\c@L@lines=\count119
\L@Pindent=\dimen139
\L@Findent=\dimen140
\L@Nindent=\dimen141
\L@lraise=\dimen142
\L@first=\dimen143
\L@next=\dimen144
\L@slope=\dimen145
\L@height=\dimen146
\LettrineWidth=\dimen147

Loading lettrine.cfg
(/usr/share/texlive/texmf-dist/tex/latex/lettrine/lettrine.cfg))
(/usr/share/texlive/texmf-dist/tex/latex/titling/titling.sty
Package: titling 2009/09/04 v2.1d maketitle typesetting
\thanksmarkwidth=\skip68
\thanksmargin=\skip69
\droptitle=\skip70
) (./relazione.aux)
\openout1 = `relazione.aux'.

LaTeX Font Info:    Checking defaults for OML/cmm/m/it on input line 116.
LaTeX Font Info:    ... okay on input line 116.
LaTeX Font Info:    Checking defaults for T1/cmr/m/n on input line 116.
LaTeX Font Info:    ... okay on input line 116.
LaTeX Font Info:    Checking defaults for OT1/cmr/m/n on input line 116.
LaTeX Font Info:    ... okay on input line 116.
LaTeX Font Info:    Checking defaults for OMS/cmsy/m/n on input line 116.
LaTeX Font Info:    ... okay on input line 116.
LaTeX Font Info:    Checking defaults for OMX/cmex/m/n on input line 116.
LaTeX Font Info:    ... okay on input line 116.
LaTeX Font Info:    Checking defaults for U/cmr/m/n on input line 116.
LaTeX Font Info:    ... okay on input line 116.
LaTeX Font Info:    Checking defaults for LGR/cmr/m/n on input line 116.
LaTeX Font Info:    Try loading font information for LGR+cmr on input line 116.

(/usr/share/texlive/texmf-dist/tex/generic/babel/lgrcmr.fd
File: lgrcmr.fd 2008/06/17 v2.3 Greek Computer Modern
)
LaTeX Font Info:    ... okay on input line 116.
LaTeX Font Info:    Checking defaults for TS1/cmr/m/n on input line 116.
LaTeX Font Info:    ... okay on input line 116.

(/usr/share/texlive/texmf-dist/tex/latex/ucs/ucsencs.def
File: ucsencs.def 2011/01/21 Fixes to fontencodings LGR, T3

fontencoding LGR patched
)
LaTeX Info: Redefining \microtypecontext on input line 116.
Package microtype Info: Generating PDF output.
Package microtype Info: Character protrusion enabled (level 2).
Package microtype Info: Using default protrusion set `alltext'.
Package microtype Info: Automatic font expansion enabled (level 2),
(microtype)             stretch: 20, shrink: 20, step: 1, non-selected.
Package microtype Info: Using default expansion set `basictext'.
Package microtype Info: No tracking.
Package microtype Info: No adjustment of interword spacing.
Package microtype Info: No adjustment of character kerning.
 (/usr/share/texlive/texmf-dist/tex/latex/microtype/mt-cmr.cfg
File: mt-cmr.cfg 2009/11/09 v2.0 microtype config. file: Computer Modern Roman 
(RS)
)
(/usr/share/texlive/texmf-dist/tex/context/base/supp-pdf.mkii
[Loading MPS to PDF converter (version 2006.09.02).]
\scratchcounter=\count120
\scratchdimen=\dimen148
\scratchbox=\box33
\nofMPsegments=\count121
\nofMParguments=\count122
\everyMPshowfont=\toks34
\MPscratchCnt=\count123
\MPscratchDim=\dimen149
\MPnumerator=\count124
\makeMPintoPDFobject=\count125
\everyMPtoPDFconversion=\toks35
)
Package caption Info: Begin \AtBeginDocument code.
Package caption Info: subfig package v1.3 is loaded.
Package caption Info: End \AtBeginDocument code.
Package lastpage Info: Please have a look at the pageslts package at
(lastpage)             http://www.ctan.org/tex-archive/ 
(lastpage)             macros/latex/contrib/pageslts/ 
(lastpage)             or
(lastpage)             http://www.ctan.org/tex-archive/ 
(lastpage)             install/macros/latex/contrib/pageslts.tds.zip
(lastpage)             ! on input line 116.
LaTeX Font Info:    Try loading font information for OT1+ on input line 117.
LaTeX Font Info:    No file OT1.fd. on input line 117.


LaTeX Font Warning: Font shape `OT1//b/n' undefined
(Font)              using `OT1/cmr/m/n' instead on input line 117.


LaTeX Font Warning: Font shape `OT1//b/sl' undefined
(Font)              using `OT1//b/n' instead on input line 117.


LaTeX Font Warning: Font shape `OT1//m/sl' undefined
(Font)              using `OT1/cmr/m/n' instead on input line 117.

(/usr/share/texlive/texmf-dist/tex/latex/ucs/data/uni-0.def
File: uni-0.def 2012/04/20 UCS: Unicode data U+0000..U+00FF
) [1

{/var/lib/texmf/fonts/map/pdftex/updmap/pdftex.map}] [2]
LaTeX Font Info:    Try loading font information for OMS+cmr on input line 135.


(/usr/share/texlive/texmf-dist/tex/latex/base/omscmr.fd
File: omscmr.fd 1999/05/25 v2.5h Standard LaTeX font definitions
)
LaTeX Font Info:    Font shape `OMS/cmr/m/n' in size <10.95> not available
(Font)              Font shape `OMS/cmsy/m/n' tried instead on input line 135.
 [3]
<topologia.png, id=19, 1003.75pt x 528.97626pt>
File: topologia.png Graphic file (type png)
 <use topologia.png>
Package pdftex.def Info: topologia.png used on input line 156.
(pdftex.def)             Requested size: 351.31776pt x 185.14445pt.
 [4 <./topologia.png>] [5]
LaTeX Font Info:    Try loading font information for U+msa on input line 182.
 (/usr/share/texlive/texmf-dist/tex/latex/amsfonts/umsa.fd
File: umsa.fd 2009/06/22 v3.00 AMS symbols A
)
(/usr/share/texlive/texmf-dist/tex/latex/microtype/mt-msa.cfg
File: mt-msa.cfg 2006/02/04 v1.1 microtype config. file: AMS symbols (a) (RS)
)
LaTeX Font Info:    Try loading font information for U+msb on input line 182.

(/usr/share/texlive/texmf-dist/tex/latex/amsfonts/umsb.fd
File: umsb.fd 2009/06/22 v3.00 AMS symbols B
)
(/usr/share/texlive/texmf-dist/tex/latex/microtype/mt-msb.cfg
File: mt-msb.cfg 2005/06/01 v1.0 microtype config. file: AMS symbols (b) (RS)
) [6] [7]
<SymphonyDHT/plots/PercentageOfMessagesSent/128_Nodes_FastAccess/SymphonyDHT_12
8Nodes_FastAccess_Node0.png, id=35, 1100.913pt x 498.663pt>
File: SymphonyDHT/plots/PercentageOfMessagesSent/128_Nodes_FastAccess/SymphonyD
HT_128Nodes_FastAccess_Node0.png Graphic file (type png)

<use SymphonyDHT/plots/PercentageOfMessagesSent/128_Nodes_FastAccess/SymphonyDH
T_128Nodes_FastAccess_Node0.png>
Package pdftex.def Info: SymphonyDHT/plots/PercentageOfMessagesSent/128_Nodes_F
astAccess/SymphonyDHT_128Nodes_FastAccess_Node0.png used on input line 210.
(pdftex.def)             Requested size: 385.32532pt x 174.53465pt.

Overfull \hbox (11.88286pt too wide) in paragraph at lines 210--211
 [][] 
 []


<SymphonyDHT/plots/PercentageOfMessagesSent/128_Nodes_SlowAccess/SymphonyDHT_12
8Nodes_SlowAccess_Node0.png, id=37, 1100.913pt x 498.663pt>
File: SymphonyDHT/plots/PercentageOfMessagesSent/128_Nodes_SlowAccess/SymphonyD
HT_128Nodes_SlowAccess_Node0.png Graphic file (type png)

<use SymphonyDHT/plots/PercentageOfMessagesSent/128_Nodes_SlowAccess/SymphonyDH
T_128Nodes_SlowAccess_Node0.png>
Package pdftex.def Info: SymphonyDHT/plots/PercentageOfMessagesSent/128_Nodes_S
lowAccess/SymphonyDHT_128Nodes_SlowAccess_Node0.png used on input line 216.
(pdftex.def)             Requested size: 385.32532pt x 174.53465pt.

Overfull \hbox (11.88286pt too wide) in paragraph at lines 216--217
 [][] 
 []

[8]
<SymphonyDHT/plots/PercentageOfMessagesSent/128_Nodes_FastAccess/SymphonyDHT_12
8Nodes_FastAccess_Node64.png, id=41, 1100.913pt x 498.663pt>
File: SymphonyDHT/plots/PercentageOfMessagesSent/128_Nodes_FastAccess/SymphonyD
HT_128Nodes_FastAccess_Node64.png Graphic file (type png)

<use SymphonyDHT/plots/PercentageOfMessagesSent/128_Nodes_FastAccess/SymphonyDH
T_128Nodes_FastAccess_Node64.png>
Package pdftex.def Info: SymphonyDHT/plots/PercentageOfMessagesSent/128_Nodes_F
astAccess/SymphonyDHT_128Nodes_FastAccess_Node64.png used on input line 225.
(pdftex.def)             Requested size: 385.32532pt x 174.53465pt.

Overfull \hbox (11.88286pt too wide) in paragraph at lines 225--226
 [][] 
 []

[9 <./SymphonyDHT/plots/PercentageOfMessagesSent/128_Nodes_FastAccess/SymphonyD
HT_128Nodes_FastAccess_Node0.png> <./SymphonyDHT/plots/PercentageOfMessagesSent
/128_Nodes_SlowAccess/SymphonyDHT_128Nodes_SlowAccess_Node0.png>]
<SymphonyDHT/plots/PercentageOfMessagesSent/128_Nodes_SlowAccess/SymphonyDHT_12
8Nodes_SlowAccess_Node64.png, id=47, 1100.913pt x 498.663pt>
File: SymphonyDHT/plots/PercentageOfMessagesSent/128_Nodes_SlowAccess/SymphonyD
HT_128Nodes_SlowAccess_Node64.png Graphic file (type png)

<use SymphonyDHT/plots/PercentageOfMessagesSent/128_Nodes_SlowAccess/SymphonyDH
T_128Nodes_SlowAccess_Node64.png>
Package pdftex.def Info: SymphonyDHT/plots/PercentageOfMessagesSent/128_Nodes_S
lowAccess/SymphonyDHT_128Nodes_SlowAccess_Node64.png used on input line 231.
(pdftex.def)             Requested size: 385.32532pt x 174.53465pt.

Overfull \hbox (11.88286pt too wide) in paragraph at lines 231--232
 [][] 
 []

[10 <./SymphonyDHT/plots/PercentageOfMessagesSent/128_Nodes_FastAccess/Symphony
DHT_128Nodes_FastAccess_Node64.png> <./SymphonyDHT/plots/PercentageOfMessagesSe
nt/128_Nodes_SlowAccess/SymphonyDHT_128Nodes_SlowAccess_Node64.png>]
<SymphonyDHT/plots/PercentageOfMessagesSent/128_Nodes_FastAccess/SymphonyDHT_12
8Nodes_FastAccess_Node96.png, id=53, 1100.913pt x 498.663pt>
File: SymphonyDHT/plots/PercentageOfMessagesSent/128_Nodes_FastAccess/SymphonyD
HT_128Nodes_FastAccess_Node96.png Graphic file (type png)

<use SymphonyDHT/plots/PercentageOfMessagesSent/128_Nodes_FastAccess/SymphonyDH
T_128Nodes_FastAccess_Node96.png>
Package pdftex.def Info: SymphonyDHT/plots/PercentageOfMessagesSent/128_Nodes_F
astAccess/SymphonyDHT_128Nodes_FastAccess_Node96.png used on input line 240.
(pdftex.def)             Requested size: 385.32532pt x 174.53465pt.

Overfull \hbox (11.88286pt too wide) in paragraph at lines 240--241
 [][] 
 []


<SymphonyDHT/plots/PercentageOfMessagesSent/128_Nodes_SlowAccess/SymphonyDHT_12
8Nodes_SlowAccess_Node96.png, id=54, 1100.913pt x 498.663pt>
File: SymphonyDHT/plots/PercentageOfMessagesSent/128_Nodes_SlowAccess/SymphonyD
HT_128Nodes_SlowAccess_Node96.png Graphic file (type png)

<use SymphonyDHT/plots/PercentageOfMessagesSent/128_Nodes_SlowAccess/SymphonyDH
T_128Nodes_SlowAccess_Node96.png>
Package pdftex.def Info: SymphonyDHT/plots/PercentageOfMessagesSent/128_Nodes_S
lowAccess/SymphonyDHT_128Nodes_SlowAccess_Node96.png used on input line 246.
(pdftex.def)             Requested size: 385.32532pt x 174.53465pt.

Overfull \hbox (11.88286pt too wide) in paragraph at lines 246--247
 [][] 
 []

[11 <./SymphonyDHT/plots/PercentageOfMessagesSent/128_Nodes_FastAccess/Symphony
DHT_128Nodes_FastAccess_Node96.png> <./SymphonyDHT/plots/PercentageOfMessagesSe
nt/128_Nodes_SlowAccess/SymphonyDHT_128Nodes_SlowAccess_Node96.png>]
<SymphonyDHT/plots/PercentageOfMessagesSent/256_Nodes_FastAccess/SymphonyDHT_25
6Nodes_FastAccess_Node0.png, id=60, 1100.913pt x 498.663pt>
File: SymphonyDHT/plots/PercentageOfMessagesSent/256_Nodes_FastAccess/SymphonyD
HT_256Nodes_FastAccess_Node0.png Graphic file (type png)

<use SymphonyDHT/plots/PercentageOfMessagesSent/256_Nodes_FastAccess/SymphonyDH
T_256Nodes_FastAccess_Node0.png>
Package pdftex.def Info: SymphonyDHT/plots/PercentageOfMessagesSent/256_Nodes_F
astAccess/SymphonyDHT_256Nodes_FastAccess_Node0.png used on input line 255.
(pdftex.def)             Requested size: 385.32532pt x 174.53465pt.

Overfull \hbox (11.88286pt too wide) in paragraph at lines 255--256
 [][] 
 []


<SymphonyDHT/plots/PercentageOfMessagesSent/256_Nodes_SlowAccess/SymphonyDHT_25
6Nodes_SlowAccess_Node0.png, id=61, 1100.913pt x 498.663pt>
File: SymphonyDHT/plots/PercentageOfMessagesSent/256_Nodes_SlowAccess/SymphonyD
HT_256Nodes_SlowAccess_Node0.png Graphic file (type png)

<use SymphonyDHT/plots/PercentageOfMessagesSent/256_Nodes_SlowAccess/SymphonyDH
T_256Nodes_SlowAccess_Node0.png>
Package pdftex.def Info: SymphonyDHT/plots/PercentageOfMessagesSent/256_Nodes_S
lowAccess/SymphonyDHT_256Nodes_SlowAccess_Node0.png used on input line 261.
(pdftex.def)             Requested size: 385.32532pt x 174.53465pt.

Overfull \hbox (11.88286pt too wide) in paragraph at lines 261--262
 [][] 
 []

[12 <./SymphonyDHT/plots/PercentageOfMessagesSent/256_Nodes_FastAccess/Symphony
DHT_256Nodes_FastAccess_Node0.png>]
<SymphonyDHT/plots/PercentageOfMessagesSent/256_Nodes_FastAccess/SymphonyDHT_25
6Nodes_FastAccess_Node64.png, id=66, 1100.913pt x 498.663pt>
File: SymphonyDHT/plots/PercentageOfMessagesSent/256_Nodes_FastAccess/SymphonyD
HT_256Nodes_FastAccess_Node64.png Graphic file (type png)

<use SymphonyDHT/plots/PercentageOfMessagesSent/256_Nodes_FastAccess/SymphonyDH
T_256Nodes_FastAccess_Node64.png>
Package pdftex.def Info: SymphonyDHT/plots/PercentageOfMessagesSent/256_Nodes_F
astAccess/SymphonyDHT_256Nodes_FastAccess_Node64.png used on input line 270.
(pdftex.def)             Requested size: 385.32532pt x 174.53465pt.

Overfull \hbox (11.88286pt too wide) in paragraph at lines 270--271
 [][] 
 []


<SymphonyDHT/plots/PercentageOfMessagesSent/256_Nodes_SlowAccess/SymphonyDHT_25
6Nodes_SlowAccess_Node64.png, id=67, 1100.913pt x 498.663pt>
File: SymphonyDHT/plots/PercentageOfMessagesSent/256_Nodes_SlowAccess/SymphonyD
HT_256Nodes_SlowAccess_Node64.png Graphic file (type png)

<use SymphonyDHT/plots/PercentageOfMessagesSent/256_Nodes_SlowAccess/SymphonyDH
T_256Nodes_SlowAccess_Node64.png>
Package pdftex.def Info: SymphonyDHT/plots/PercentageOfMessagesSent/256_Nodes_S
lowAccess/SymphonyDHT_256Nodes_SlowAccess_Node64.png used on input line 276.
(pdftex.def)             Requested size: 385.32532pt x 174.53465pt.

Overfull \hbox (11.88286pt too wide) in paragraph at lines 276--277
 [][] 
 []

[13 <./SymphonyDHT/plots/PercentageOfMessagesSent/256_Nodes_SlowAccess/Symphony
DHT_256Nodes_SlowAccess_Node0.png> <./SymphonyDHT/plots/PercentageOfMessagesSen
t/256_Nodes_FastAccess/SymphonyDHT_256Nodes_FastAccess_Node64.png>]
<SymphonyDHT/plots/PercentageOfMessagesSent/256_Nodes_FastAccess/SymphonyDHT_25
6Nodes_FastAccess_Node96.png, id=74, 1100.913pt x 498.663pt>
File: SymphonyDHT/plots/PercentageOfMessagesSent/256_Nodes_FastAccess/SymphonyD
HT_256Nodes_FastAccess_Node96.png Graphic file (type png)

<use SymphonyDHT/plots/PercentageOfMessagesSent/256_Nodes_FastAccess/SymphonyDH
T_256Nodes_FastAccess_Node96.png>
Package pdftex.def Info: SymphonyDHT/plots/PercentageOfMessagesSent/256_Nodes_F
astAccess/SymphonyDHT_256Nodes_FastAccess_Node96.png used on input line 285.
(pdftex.def)             Requested size: 385.32532pt x 174.53465pt.

Overfull \hbox (11.88286pt too wide) in paragraph at lines 285--286
 [][] 
 []


<SymphonyDHT/plots/PercentageOfMessagesSent/256_Nodes_SlowAccess/SymphonyDHT_25
6Nodes_SlowAccess_Node96.png, id=75, 1100.913pt x 498.663pt>
File: SymphonyDHT/plots/PercentageOfMessagesSent/256_Nodes_SlowAccess/SymphonyD
HT_256Nodes_SlowAccess_Node96.png Graphic file (type png)

<use SymphonyDHT/plots/PercentageOfMessagesSent/256_Nodes_SlowAccess/SymphonyDH
T_256Nodes_SlowAccess_Node96.png>
Package pdftex.def Info: SymphonyDHT/plots/PercentageOfMessagesSent/256_Nodes_S
lowAccess/SymphonyDHT_256Nodes_SlowAccess_Node96.png used on input line 291.
(pdftex.def)             Requested size: 385.32532pt x 174.53465pt.

Overfull \hbox (11.88286pt too wide) in paragraph at lines 291--292
 [][] 
 []

[14 <./SymphonyDHT/plots/PercentageOfMessagesSent/256_Nodes_SlowAccess/Symphony
DHT_256Nodes_SlowAccess_Node64.png>]
<SymphonyDHT/plots/PercentageOfMessagesSent/512_Nodes_FastAccess/SymphonyDHT_51
2Nodes_FastAccess_Node0.png, id=80, 1100.913pt x 498.663pt>
File: SymphonyDHT/plots/PercentageOfMessagesSent/512_Nodes_FastAccess/SymphonyD
HT_512Nodes_FastAccess_Node0.png Graphic file (type png)

<use SymphonyDHT/plots/PercentageOfMessagesSent/512_Nodes_FastAccess/SymphonyDH
T_512Nodes_FastAccess_Node0.png>
Package pdftex.def Info: SymphonyDHT/plots/PercentageOfMessagesSent/512_Nodes_F
astAccess/SymphonyDHT_512Nodes_FastAccess_Node0.png used on input line 300.
(pdftex.def)             Requested size: 385.32532pt x 174.53465pt.

Overfull \hbox (11.88286pt too wide) in paragraph at lines 300--301
 [][] 
 []

[15 <./SymphonyDHT/plots/PercentageOfMessagesSent/256_Nodes_FastAccess/Symphony
DHT_256Nodes_FastAccess_Node96.png> <./SymphonyDHT/plots/PercentageOfMessagesSe
nt/256_Nodes_SlowAccess/SymphonyDHT_256Nodes_SlowAccess_Node96.png>]
<SymphonyDHT/plots/PercentageOfMessagesSent/512_Nodes_SlowAccess/SymphonyDHT_51
2Nodes_SlowAccess_Node0.png, id=86, 1100.913pt x 498.663pt>
File: SymphonyDHT/plots/PercentageOfMessagesSent/512_Nodes_SlowAccess/SymphonyD
HT_512Nodes_SlowAccess_Node0.png Graphic file (type png)

<use SymphonyDHT/plots/PercentageOfMessagesSent/512_Nodes_SlowAccess/SymphonyDH
T_512Nodes_SlowAccess_Node0.png>
Package pdftex.def Info: SymphonyDHT/plots/PercentageOfMessagesSent/512_Nodes_S
lowAccess/SymphonyDHT_512Nodes_SlowAccess_Node0.png used on input line 306.
(pdftex.def)             Requested size: 385.32532pt x 174.53465pt.

Overfull \hbox (11.88286pt too wide) in paragraph at lines 306--307
 [][] 
 []

[16 <./SymphonyDHT/plots/PercentageOfMessagesSent/512_Nodes_FastAccess/Symphony
DHT_512Nodes_FastAccess_Node0.png> <./SymphonyDHT/plots/PercentageOfMessagesSen
t/512_Nodes_SlowAccess/SymphonyDHT_512Nodes_SlowAccess_Node0.png>]
<SymphonyDHT/plots/PercentageOfMessagesSent/512_Nodes_FastAccess/SymphonyDHT_51
2Nodes_FastAccess_Node64.png, id=92, 1100.913pt x 498.663pt>
File: SymphonyDHT/plots/PercentageOfMessagesSent/512_Nodes_FastAccess/SymphonyD
HT_512Nodes_FastAccess_Node64.png Graphic file (type png)

<use SymphonyDHT/plots/PercentageOfMessagesSent/512_Nodes_FastAccess/SymphonyDH
T_512Nodes_FastAccess_Node64.png>
Package pdftex.def Info: SymphonyDHT/plots/PercentageOfMessagesSent/512_Nodes_F
astAccess/SymphonyDHT_512Nodes_FastAccess_Node64.png used on input line 315.
(pdftex.def)             Requested size: 385.32532pt x 174.53465pt.

Overfull \hbox (11.88286pt too wide) in paragraph at lines 315--316
 [][] 
 []


<SymphonyDHT/plots/PercentageOfMessagesSent/512_Nodes_SlowAccess/SymphonyDHT_51
2Nodes_SlowAccess_Node64.png, id=93, 1100.913pt x 498.663pt>
File: SymphonyDHT/plots/PercentageOfMessagesSent/512_Nodes_SlowAccess/SymphonyD
HT_512Nodes_SlowAccess_Node64.png Graphic file (type png)

<use SymphonyDHT/plots/PercentageOfMessagesSent/512_Nodes_SlowAccess/SymphonyDH
T_512Nodes_SlowAccess_Node64.png>
Package pdftex.def Info: SymphonyDHT/plots/PercentageOfMessagesSent/512_Nodes_S
lowAccess/SymphonyDHT_512Nodes_SlowAccess_Node64.png used on input line 321.
(pdftex.def)             Requested size: 385.32532pt x 174.53465pt.

Overfull \hbox (11.88286pt too wide) in paragraph at lines 321--322
 [][] 
 []

[17 <./SymphonyDHT/plots/PercentageOfMessagesSent/512_Nodes_FastAccess/Symphony
DHT_512Nodes_FastAccess_Node64.png> <./SymphonyDHT/plots/PercentageOfMessagesSe
nt/512_Nodes_SlowAccess/SymphonyDHT_512Nodes_SlowAccess_Node64.png>]
<SymphonyDHT/plots/PercentageOfMessagesSent/512_Nodes_FastAccess/SymphonyDHT_51
2Nodes_FastAccess_Node96.png, id=99, 1100.913pt x 498.663pt>
File: SymphonyDHT/plots/PercentageOfMessagesSent/512_Nodes_FastAccess/SymphonyD
HT_512Nodes_FastAccess_Node96.png Graphic file (type png)

<use SymphonyDHT/plots/PercentageOfMessagesSent/512_Nodes_FastAccess/SymphonyDH
T_512Nodes_FastAccess_Node96.png>
Package pdftex.def Info: SymphonyDHT/plots/PercentageOfMessagesSent/512_Nodes_F
astAccess/SymphonyDHT_512Nodes_FastAccess_Node96.png used on input line 330.
(pdftex.def)             Requested size: 385.32532pt x 174.53465pt.

Overfull \hbox (11.88286pt too wide) in paragraph at lines 330--331
 [][] 
 []


<SymphonyDHT/plots/PercentageOfMessagesSent/512_Nodes_SlowAccess/SymphonyDHT_51
2Nodes_SlowAccess_Node96.png, id=100, 1100.913pt x 498.663pt>
File: SymphonyDHT/plots/PercentageOfMessagesSent/512_Nodes_SlowAccess/SymphonyD
HT_512Nodes_SlowAccess_Node96.png Graphic file (type png)

<use SymphonyDHT/plots/PercentageOfMessagesSent/512_Nodes_SlowAccess/SymphonyDH
T_512Nodes_SlowAccess_Node96.png>
Package pdftex.def Info: SymphonyDHT/plots/PercentageOfMessagesSent/512_Nodes_S
lowAccess/SymphonyDHT_512Nodes_SlowAccess_Node96.png used on input line 336.
(pdftex.def)             Requested size: 385.32532pt x 174.53465pt.

Overfull \hbox (11.88286pt too wide) in paragraph at lines 336--337
 [][] 
 []


Underfull \hbox (badness 10000) in paragraph at lines 341--342

 []


Underfull \hbox (badness 10000) in paragraph at lines 341--342

 []

[18 <./SymphonyDHT/plots/PercentageOfMessagesSent/512_Nodes_FastAccess/Symphony
DHT_512Nodes_FastAccess_Node96.png> <./SymphonyDHT/plots/PercentageOfMessagesSe
nt/512_Nodes_SlowAccess/SymphonyDHT_512Nodes_SlowAccess_Node96.png>]
File: SymphonyDHT/plots/PercentageOfMessagesSent/128_Nodes_SlowAccess/SymphonyD
HT_128Nodes_SlowAccess_Node0.png Graphic file (type png)

<use SymphonyDHT/plots/PercentageOfMessagesSent/128_Nodes_SlowAccess/SymphonyDH
T_128Nodes_SlowAccess_Node0.png>
Package pdftex.def Info: SymphonyDHT/plots/PercentageOfMessagesSent/128_Nodes_S
lowAccess/SymphonyDHT_128Nodes_SlowAccess_Node0.png used on input line 347.
(pdftex.def)             Requested size: 385.32532pt x 174.53465pt.

Overfull \hbox (11.88286pt too wide) in paragraph at lines 347--348
 [][] 
 []

File: SymphonyDHT/plots/PercentageOfMessagesSent/512_Nodes_FastAccess/SymphonyD
HT_512Nodes_FastAccess_Node0.png Graphic file (type png)

<use SymphonyDHT/plots/PercentageOfMessagesSent/512_Nodes_FastAccess/SymphonyDH
T_512Nodes_FastAccess_Node0.png>
Package pdftex.def Info: SymphonyDHT/plots/PercentageOfMessagesSent/512_Nodes_F
astAccess/SymphonyDHT_512Nodes_FastAccess_Node0.png used on input line 353.
(pdftex.def)             Requested size: 385.32532pt x 174.53465pt.

Overfull \hbox (11.88286pt too wide) in paragraph at lines 353--354
 [][] 
 []

[19]
File: SymphonyDHT/plots/PercentageOfMessagesSent/128_Nodes_SlowAccess/SymphonyD
HT_128Nodes_SlowAccess_Node64.png Graphic file (type png)

<use SymphonyDHT/plots/PercentageOfMessagesSent/128_Nodes_SlowAccess/SymphonyDH
T_128Nodes_SlowAccess_Node64.png>
Package pdftex.def Info: SymphonyDHT/plots/PercentageOfMessagesSent/128_Nodes_S
lowAccess/SymphonyDHT_128Nodes_SlowAccess_Node64.png used on input line 362.
(pdftex.def)             Requested size: 385.32532pt x 174.53465pt.

Overfull \hbox (11.88286pt too wide) in paragraph at lines 362--363
 [][] 
 []

File: SymphonyDHT/plots/PercentageOfMessagesSent/512_Nodes_FastAccess/SymphonyD
HT_512Nodes_FastAccess_Node64.png Graphic file (type png)

<use SymphonyDHT/plots/PercentageOfMessagesSent/512_Nodes_FastAccess/SymphonyDH
T_512Nodes_FastAccess_Node64.png>
Package pdftex.def Info: SymphonyDHT/plots/PercentageOfMessagesSent/512_Nodes_F
astAccess/SymphonyDHT_512Nodes_FastAccess_Node64.png used on input line 368.
(pdftex.def)             Requested size: 385.32532pt x 174.53465pt.

Overfull \hbox (11.88286pt too wide) in paragraph at lines 368--369
 [][] 
 []

[20]
File: SymphonyDHT/plots/PercentageOfMessagesSent/128_Nodes_SlowAccess/SymphonyD
HT_128Nodes_SlowAccess_Node96.png Graphic file (type png)

<use SymphonyDHT/plots/PercentageOfMessagesSent/128_Nodes_SlowAccess/SymphonyDH
T_128Nodes_SlowAccess_Node96.png>
Package pdftex.def Info: SymphonyDHT/plots/PercentageOfMessagesSent/128_Nodes_S
lowAccess/SymphonyDHT_128Nodes_SlowAccess_Node96.png used on input line 377.
(pdftex.def)             Requested size: 385.32532pt x 174.53465pt.

Overfull \hbox (11.88286pt too wide) in paragraph at lines 377--378
 [][] 
 []

File: SymphonyDHT/plots/PercentageOfMessagesSent/512_Nodes_FastAccess/SymphonyD
HT_512Nodes_FastAccess_Node96.png Graphic file (type png)

<use SymphonyDHT/plots/PercentageOfMessagesSent/512_Nodes_FastAccess/SymphonyDH
T_512Nodes_FastAccess_Node96.png>
Package pdftex.def Info: SymphonyDHT/plots/PercentageOfMessagesSent/512_Nodes_F
astAccess/SymphonyDHT_512Nodes_FastAccess_Node96.png used on input line 383.
(pdftex.def)             Requested size: 385.32532pt x 174.53465pt.

Overfull \hbox (11.88286pt too wide) in paragraph at lines 383--384
 [][] 
 []

[21]
Underfull \hbox (badness 10000) in paragraph at lines 388--389

 []


Underfull \hbox (badness 10000) in paragraph at lines 388--389

 []


<SymphonyDHT/plots/MessagesSentByEveryNode/128_Nodes_SlowAccess/SymphonyDHT_128
Nodes_SlowAccess_Node0.png, id=116, 1100.913pt x 498.663pt>
File: SymphonyDHT/plots/MessagesSentByEveryNode/128_Nodes_SlowAccess/SymphonyDH
T_128Nodes_SlowAccess_Node0.png Graphic file (type png)

<use SymphonyDHT/plots/MessagesSentByEveryNode/128_Nodes_SlowAccess/SymphonyDHT
_128Nodes_SlowAccess_Node0.png>
Package pdftex.def Info: SymphonyDHT/plots/MessagesSentByEveryNode/128_Nodes_Sl
owAccess/SymphonyDHT_128Nodes_SlowAccess_Node0.png used on input line 398.
(pdftex.def)             Requested size: 385.32532pt x 174.53465pt.

Overfull \hbox (11.88286pt too wide) in paragraph at lines 398--399
 [][] 
 []


<SymphonyDHTMod/plots/MessagesSentByEveryNode/128_Nodes_SlowAccess/SymphonyDHTM
od_128Nodes_SlowAccess_Node0.png, id=117, 1100.913pt x 498.663pt>
File: SymphonyDHTMod/plots/MessagesSentByEveryNode/128_Nodes_SlowAccess/Symphon
yDHTMod_128Nodes_SlowAccess_Node0.png Graphic file (type png)

<use SymphonyDHTMod/plots/MessagesSentByEveryNode/128_Nodes_SlowAccess/Symphony
DHTMod_128Nodes_SlowAccess_Node0.png>
Package pdftex.def Info: SymphonyDHTMod/plots/MessagesSentByEveryNode/128_Nodes
_SlowAccess/SymphonyDHTMod_128Nodes_SlowAccess_Node0.png used on input line 404
.
(pdftex.def)             Requested size: 385.32532pt x 174.53465pt.

Overfull \hbox (11.88286pt too wide) in paragraph at lines 404--405
 [][] 
 []

[22] [23 <./SymphonyDHT/plots/MessagesSentByEveryNode/128_Nodes_SlowAccess/Symp
honyDHT_128Nodes_SlowAccess_Node0.png> <./SymphonyDHTMod/plots/MessagesSentByEv
eryNode/128_Nodes_SlowAccess/SymphonyDHTMod_128Nodes_SlowAccess_Node0.png>]
<SymphonyDHT/plots/MessagesSentByEveryNode/128_Nodes_SlowAccess/SymphonyDHT_128
Nodes_SlowAccess_Node64.png, id=126, 1100.913pt x 498.663pt>
File: SymphonyDHT/plots/MessagesSentByEveryNode/128_Nodes_SlowAccess/SymphonyDH
T_128Nodes_SlowAccess_Node64.png Graphic file (type png)

<use SymphonyDHT/plots/MessagesSentByEveryNode/128_Nodes_SlowAccess/SymphonyDHT
_128Nodes_SlowAccess_Node64.png>
Package pdftex.def Info: SymphonyDHT/plots/MessagesSentByEveryNode/128_Nodes_Sl
owAccess/SymphonyDHT_128Nodes_SlowAccess_Node64.png used on input line 413.
(pdftex.def)             Requested size: 385.32532pt x 174.53465pt.

Overfull \hbox (11.88286pt too wide) in paragraph at lines 413--414
 [][] 
 []


<SymphonyDHTMod/plots/MessagesSentByEveryNode/128_Nodes_SlowAccess/SymphonyDHTM
od_128Nodes_SlowAccess_Node64.png, id=127, 1100.913pt x 498.663pt>
File: SymphonyDHTMod/plots/MessagesSentByEveryNode/128_Nodes_SlowAccess/Symphon
yDHTMod_128Nodes_SlowAccess_Node64.png Graphic file (type png)

<use SymphonyDHTMod/plots/MessagesSentByEveryNode/128_Nodes_SlowAccess/Symphony
DHTMod_128Nodes_SlowAccess_Node64.png>
Package pdftex.def Info: SymphonyDHTMod/plots/MessagesSentByEveryNode/128_Nodes
_SlowAccess/SymphonyDHTMod_128Nodes_SlowAccess_Node64.png used on input line 41
9.
(pdftex.def)             Requested size: 385.32532pt x 174.53465pt.

Overfull \hbox (11.88286pt too wide) in paragraph at lines 419--420
 [][] 
 []

[24 <./SymphonyDHT/plots/MessagesSentByEveryNode/128_Nodes_SlowAccess/SymphonyD
HT_128Nodes_SlowAccess_Node64.png> <./SymphonyDHTMod/plots/MessagesSentByEveryN
ode/128_Nodes_SlowAccess/SymphonyDHTMod_128Nodes_SlowAccess_Node64.png>]
<SymphonyDHT/plots/MessagesSentByEveryNode/128_Nodes_SlowAccess/SymphonyDHT_128
Nodes_SlowAccess_Node96.png, id=133, 1100.913pt x 498.663pt>
File: SymphonyDHT/plots/MessagesSentByEveryNode/128_Nodes_SlowAccess/SymphonyDH
T_128Nodes_SlowAccess_Node96.png Graphic file (type png)

<use SymphonyDHT/plots/MessagesSentByEveryNode/128_Nodes_SlowAccess/SymphonyDHT
_128Nodes_SlowAccess_Node96.png>
Package pdftex.def Info: SymphonyDHT/plots/MessagesSentByEveryNode/128_Nodes_Sl
owAccess/SymphonyDHT_128Nodes_SlowAccess_Node96.png used on input line 428.
(pdftex.def)             Requested size: 385.32532pt x 174.53465pt.

Overfull \hbox (11.88286pt too wide) in paragraph at lines 428--429
 [][] 
 []


<SymphonyDHTMod/plots/MessagesSentByEveryNode/128_Nodes_SlowAccess/SymphonyDHTM
od_128Nodes_SlowAccess_Node96.png, id=134, 1100.913pt x 498.663pt>
File: SymphonyDHTMod/plots/MessagesSentByEveryNode/128_Nodes_SlowAccess/Symphon
yDHTMod_128Nodes_SlowAccess_Node96.png Graphic file (type png)

<use SymphonyDHTMod/plots/MessagesSentByEveryNode/128_Nodes_SlowAccess/Symphony
DHTMod_128Nodes_SlowAccess_Node96.png>
Package pdftex.def Info: SymphonyDHTMod/plots/MessagesSentByEveryNode/128_Nodes
_SlowAccess/SymphonyDHTMod_128Nodes_SlowAccess_Node96.png used on input line 43
4.
(pdftex.def)             Requested size: 385.32532pt x 174.53465pt.

Overfull \hbox (11.88286pt too wide) in paragraph at lines 434--435
 [][] 
 []

[25 <./SymphonyDHT/plots/MessagesSentByEveryNode/128_Nodes_SlowAccess/SymphonyD
HT_128Nodes_SlowAccess_Node96.png>]
<SymphonyDHT/plots/MessagesSentByEveryNode/256_Nodes_SlowAccess/SymphonyDHT_256
Nodes_SlowAccess_Node0.png, id=140, 1100.913pt x 498.663pt>
File: SymphonyDHT/plots/MessagesSentByEveryNode/256_Nodes_SlowAccess/SymphonyDH
T_256Nodes_SlowAccess_Node0.png Graphic file (type png)

<use SymphonyDHT/plots/MessagesSentByEveryNode/256_Nodes_SlowAccess/SymphonyDHT
_256Nodes_SlowAccess_Node0.png>
Package pdftex.def Info: SymphonyDHT/plots/MessagesSentByEveryNode/256_Nodes_Sl
owAccess/SymphonyDHT_256Nodes_SlowAccess_Node0.png used on input line 443.
(pdftex.def)             Requested size: 385.32532pt x 174.53465pt.

Overfull \hbox (11.88286pt too wide) in paragraph at lines 443--444
 [][] 
 []


<SymphonyDHTMod/plots/MessagesSentByEveryNode/256_Nodes_SlowAccess/SymphonyDHTM
od_256Nodes_SlowAccess_Node0.png, id=141, 1100.913pt x 498.663pt>
File: SymphonyDHTMod/plots/MessagesSentByEveryNode/256_Nodes_SlowAccess/Symphon
yDHTMod_256Nodes_SlowAccess_Node0.png Graphic file (type png)

<use SymphonyDHTMod/plots/MessagesSentByEveryNode/256_Nodes_SlowAccess/Symphony
DHTMod_256Nodes_SlowAccess_Node0.png>
Package pdftex.def Info: SymphonyDHTMod/plots/MessagesSentByEveryNode/256_Nodes
_SlowAccess/SymphonyDHTMod_256Nodes_SlowAccess_Node0.png used on input line 449
.
(pdftex.def)             Requested size: 385.32532pt x 174.53465pt.

Overfull \hbox (11.88286pt too wide) in paragraph at lines 449--450
 [][] 
 []

[26 <./SymphonyDHTMod/plots/MessagesSentByEveryNode/128_Nodes_SlowAccess/Sympho
nyDHTMod_128Nodes_SlowAccess_Node96.png>] [27 <./SymphonyDHT/plots/MessagesSent
ByEveryNode/256_Nodes_SlowAccess/SymphonyDHT_256Nodes_SlowAccess_Node0.png> <./
SymphonyDHTMod/plots/MessagesSentByEveryNode/256_Nodes_SlowAccess/SymphonyDHTMo
d_256Nodes_SlowAccess_Node0.png>]
<SymphonyDHT/plots/MessagesSentByEveryNode/256_Nodes_SlowAccess/SymphonyDHT_256
Nodes_SlowAccess_Node64.png, id=151, 1100.913pt x 498.663pt>
File: SymphonyDHT/plots/MessagesSentByEveryNode/256_Nodes_SlowAccess/SymphonyDH
T_256Nodes_SlowAccess_Node64.png Graphic file (type png)

<use SymphonyDHT/plots/MessagesSentByEveryNode/256_Nodes_SlowAccess/SymphonyDHT
_256Nodes_SlowAccess_Node64.png>
Package pdftex.def Info: SymphonyDHT/plots/MessagesSentByEveryNode/256_Nodes_Sl
owAccess/SymphonyDHT_256Nodes_SlowAccess_Node64.png used on input line 458.
(pdftex.def)             Requested size: 385.32532pt x 174.53465pt.

Overfull \hbox (11.88286pt too wide) in paragraph at lines 458--459
 [][] 
 []


<SymphonyDHTMod/plots/MessagesSentByEveryNode/256_Nodes_SlowAccess/SymphonyDHTM
od_256Nodes_SlowAccess_Node64.png, id=152, 1100.913pt x 498.663pt>
File: SymphonyDHTMod/plots/MessagesSentByEveryNode/256_Nodes_SlowAccess/Symphon
yDHTMod_256Nodes_SlowAccess_Node64.png Graphic file (type png)

<use SymphonyDHTMod/plots/MessagesSentByEveryNode/256_Nodes_SlowAccess/Symphony
DHTMod_256Nodes_SlowAccess_Node64.png>
Package pdftex.def Info: SymphonyDHTMod/plots/MessagesSentByEveryNode/256_Nodes
_SlowAccess/SymphonyDHTMod_256Nodes_SlowAccess_Node64.png used on input line 46
4.
(pdftex.def)             Requested size: 385.32532pt x 174.53465pt.

Overfull \hbox (11.88286pt too wide) in paragraph at lines 464--465
 [][] 
 []

[28 <./SymphonyDHT/plots/MessagesSentByEveryNode/256_Nodes_SlowAccess/SymphonyD
HT_256Nodes_SlowAccess_Node64.png> <./SymphonyDHTMod/plots/MessagesSentByEveryN
ode/256_Nodes_SlowAccess/SymphonyDHTMod_256Nodes_SlowAccess_Node64.png>]
<SymphonyDHT/plots/MessagesSentByEveryNode/256_Nodes_SlowAccess/SymphonyDHT_256
Nodes_SlowAccess_Node96.png, id=158, 1100.913pt x 498.663pt>
File: SymphonyDHT/plots/MessagesSentByEveryNode/256_Nodes_SlowAccess/SymphonyDH
T_256Nodes_SlowAccess_Node96.png Graphic file (type png)

<use SymphonyDHT/plots/MessagesSentByEveryNode/256_Nodes_SlowAccess/SymphonyDHT
_256Nodes_SlowAccess_Node96.png>
Package pdftex.def Info: SymphonyDHT/plots/MessagesSentByEveryNode/256_Nodes_Sl
owAccess/SymphonyDHT_256Nodes_SlowAccess_Node96.png used on input line 473.
(pdftex.def)             Requested size: 385.32532pt x 174.53465pt.

Overfull \hbox (11.88286pt too wide) in paragraph at lines 473--474
 [][] 
 []


<SymphonyDHTMod/plots/MessagesSentByEveryNode/256_Nodes_SlowAccess/SymphonyDHTM
od_256Nodes_SlowAccess_Node96.png, id=159, 1100.913pt x 498.663pt>
File: SymphonyDHTMod/plots/MessagesSentByEveryNode/256_Nodes_SlowAccess/Symphon
yDHTMod_256Nodes_SlowAccess_Node96.png Graphic file (type png)

<use SymphonyDHTMod/plots/MessagesSentByEveryNode/256_Nodes_SlowAccess/Symphony
DHTMod_256Nodes_SlowAccess_Node96.png>
Package pdftex.def Info: SymphonyDHTMod/plots/MessagesSentByEveryNode/256_Nodes
_SlowAccess/SymphonyDHTMod_256Nodes_SlowAccess_Node96.png used on input line 47
9.
(pdftex.def)             Requested size: 385.32532pt x 174.53465pt.

Overfull \hbox (11.88286pt too wide) in paragraph at lines 479--480
 [][] 
 []

[29 <./SymphonyDHT/plots/MessagesSentByEveryNode/256_Nodes_SlowAccess/SymphonyD
HT_256Nodes_SlowAccess_Node96.png>]
<SymphonyDHT/plots/MessagesSentByEveryNode/512_Nodes_SlowAccess/SymphonyDHT_512
Nodes_SlowAccess_Node0.png, id=164, 1100.913pt x 498.663pt>
File: SymphonyDHT/plots/MessagesSentByEveryNode/512_Nodes_SlowAccess/SymphonyDH
T_512Nodes_SlowAccess_Node0.png Graphic file (type png)

<use SymphonyDHT/plots/MessagesSentByEveryNode/512_Nodes_SlowAccess/SymphonyDHT
_512Nodes_SlowAccess_Node0.png>
Package pdftex.def Info: SymphonyDHT/plots/MessagesSentByEveryNode/512_Nodes_Sl
owAccess/SymphonyDHT_512Nodes_SlowAccess_Node0.png used on input line 488.
(pdftex.def)             Requested size: 385.32532pt x 174.53465pt.

Overfull \hbox (11.88286pt too wide) in paragraph at lines 488--489
 [][] 
 []


<SymphonyDHTMod/plots/MessagesSentByEveryNode/512_Nodes_SlowAccess/SymphonyDHTM
od_512Nodes_SlowAccess_Node0.png, id=165, 1100.913pt x 498.663pt>
File: SymphonyDHTMod/plots/MessagesSentByEveryNode/512_Nodes_SlowAccess/Symphon
yDHTMod_512Nodes_SlowAccess_Node0.png Graphic file (type png)

<use SymphonyDHTMod/plots/MessagesSentByEveryNode/512_Nodes_SlowAccess/Symphony
DHTMod_512Nodes_SlowAccess_Node0.png>
Package pdftex.def Info: SymphonyDHTMod/plots/MessagesSentByEveryNode/512_Nodes
_SlowAccess/SymphonyDHTMod_512Nodes_SlowAccess_Node0.png used on input line 494
.
(pdftex.def)             Requested size: 385.32532pt x 174.53465pt.

Overfull \hbox (11.88286pt too wide) in paragraph at lines 494--495
 [][] 
 []

[30 <./SymphonyDHTMod/plots/MessagesSentByEveryNode/256_Nodes_SlowAccess/Sympho
nyDHTMod_256Nodes_SlowAccess_Node96.png>] [31 <./SymphonyDHT/plots/MessagesSent
ByEveryNode/512_Nodes_SlowAccess/SymphonyDHT_512Nodes_SlowAccess_Node0.png> <./
SymphonyDHTMod/plots/MessagesSentByEveryNode/512_Nodes_SlowAccess/SymphonyDHTMo
d_512Nodes_SlowAccess_Node0.png>]
<SymphonyDHT/plots/MessagesSentByEveryNode/512_Nodes_SlowAccess/SymphonyDHT_512
Nodes_SlowAccess_Node64.png, id=176, 1100.913pt x 498.663pt>
File: SymphonyDHT/plots/MessagesSentByEveryNode/512_Nodes_SlowAccess/SymphonyDH
T_512Nodes_SlowAccess_Node64.png Graphic file (type png)

<use SymphonyDHT/plots/MessagesSentByEveryNode/512_Nodes_SlowAccess/SymphonyDHT
_512Nodes_SlowAccess_Node64.png>
Package pdftex.def Info: SymphonyDHT/plots/MessagesSentByEveryNode/512_Nodes_Sl
owAccess/SymphonyDHT_512Nodes_SlowAccess_Node64.png used on input line 503.
(pdftex.def)             Requested size: 385.32532pt x 174.53465pt.

Overfull \hbox (11.88286pt too wide) in paragraph at lines 503--504
 [][] 
 []


<SymphonyDHTMod/plots/MessagesSentByEveryNode/512_Nodes_SlowAccess/SymphonyDHTM
od_512Nodes_SlowAccess_Node64.png, id=177, 1100.913pt x 498.663pt>
File: SymphonyDHTMod/plots/MessagesSentByEveryNode/512_Nodes_SlowAccess/Symphon
yDHTMod_512Nodes_SlowAccess_Node64.png Graphic file (type png)

<use SymphonyDHTMod/plots/MessagesSentByEveryNode/512_Nodes_SlowAccess/Symphony
DHTMod_512Nodes_SlowAccess_Node64.png>
Package pdftex.def Info: SymphonyDHTMod/plots/MessagesSentByEveryNode/512_Nodes
_SlowAccess/SymphonyDHTMod_512Nodes_SlowAccess_Node64.png used on input line 50
9.
(pdftex.def)             Requested size: 385.32532pt x 174.53465pt.

Overfull \hbox (11.88286pt too wide) in paragraph at lines 509--510
 [][] 
 []

[32 <./SymphonyDHT/plots/MessagesSentByEveryNode/512_Nodes_SlowAccess/SymphonyD
HT_512Nodes_SlowAccess_Node64.png> <./SymphonyDHTMod/plots/MessagesSentByEveryN
ode/512_Nodes_SlowAccess/SymphonyDHTMod_512Nodes_SlowAccess_Node64.png>]
<SymphonyDHT/plots/MessagesSentByEveryNode/512_Nodes_SlowAccess/SymphonyDHT_512
Nodes_SlowAccess_Node96.png, id=183, 1100.913pt x 498.663pt>
File: SymphonyDHT/plots/MessagesSentByEveryNode/512_Nodes_SlowAccess/SymphonyDH
T_512Nodes_SlowAccess_Node96.png Graphic file (type png)

<use SymphonyDHT/plots/MessagesSentByEveryNode/512_Nodes_SlowAccess/SymphonyDHT
_512Nodes_SlowAccess_Node96.png>
Package pdftex.def Info: SymphonyDHT/plots/MessagesSentByEveryNode/512_Nodes_Sl
owAccess/SymphonyDHT_512Nodes_SlowAccess_Node96.png used on input line 518.
(pdftex.def)             Requested size: 385.32532pt x 174.53465pt.

Overfull \hbox (11.88286pt too wide) in paragraph at lines 518--519
 [][] 
 []


<SymphonyDHTMod/plots/MessagesSentByEveryNode/512_Nodes_SlowAccess/SymphonyDHTM
od_512Nodes_SlowAccess_Node96.png, id=184, 1100.913pt x 498.663pt>
File: SymphonyDHTMod/plots/MessagesSentByEveryNode/512_Nodes_SlowAccess/Symphon
yDHTMod_512Nodes_SlowAccess_Node96.png Graphic file (type png)

<use SymphonyDHTMod/plots/MessagesSentByEveryNode/512_Nodes_SlowAccess/Symphony
DHTMod_512Nodes_SlowAccess_Node96.png>
Package pdftex.def Info: SymphonyDHTMod/plots/MessagesSentByEveryNode/512_Nodes
_SlowAccess/SymphonyDHTMod_512Nodes_SlowAccess_Node96.png used on input line 52
4.
(pdftex.def)             Requested size: 385.32532pt x 174.53465pt.

Overfull \hbox (11.88286pt too wide) in paragraph at lines 524--525
 [][] 
 []

[33 <./SymphonyDHT/plots/MessagesSentByEveryNode/512_Nodes_SlowAccess/SymphonyD
HT_512Nodes_SlowAccess_Node96.png> <./SymphonyDHTMod/plots/MessagesSentByEveryN
ode/512_Nodes_SlowAccess/SymphonyDHTMod_512Nodes_SlowAccess_Node96.png>]
Overfull \hbox (2.78297pt too wide) in paragraph at lines 534--535
[]\OT1/cmr/m/n/10.95 (-20) Omnet++ Tic-Toc Tu-to-ri-al - http://www.omnetpp.org
/doc/omnetpp/tictoc-
 []


AED: lastpage setting LastPage
[34] (./relazione.aux)

LaTeX Font Warning: Some font shapes were not available, defaults substituted.

 ) 
Here is how much of TeX's memory you used:
 9582 strings out of 495059
 164300 string characters out of 3182030
 356820 words of memory out of 3000000
 12444 multiletter control sequences out of 15000+200000
 16070 words of font info for 104 fonts, out of 3000000 for 9000
 14 hyphenation exceptions out of 8191
 54i,11n,49p,1617b,628s stack positions out of 5000i,500n,10000p,200000b,50000s
</usr/share/texlive/texmf-dist/fonts/type1/public/amsfonts/cm/cmbx10.pfb></us
r/share/texlive/texmf-dist/fonts/type1/public/amsfonts/cm/cmmi10.pfb></usr/shar
e/texlive/texmf-dist/fonts/type1/public/amsfonts/cm/cmr10.pfb></usr/share/texli
ve/texmf-dist/fonts/type1/public/amsfonts/cm/cmr12.pfb></usr/share/texlive/texm
f-dist/fonts/type1/public/amsfonts/cm/cmr17.pfb></usr/share/texlive/texmf-dist/
fonts/type1/public/amsfonts/cm/cmr9.pfb></usr/share/texlive/texmf-dist/fonts/ty
pe1/public/amsfonts/cm/cmsy10.pfb></usr/share/texlive/texmf-dist/fonts/type1/pu
blic/amsfonts/cm/cmti10.pfb></usr/share/texlive/texmf-dist/fonts/type1/public/a
msfonts/cm/cmtt9.pfb>
Output written on relazione.pdf (34 pages, 2510129 bytes).
PDF statistics:
 224 PDF objects out of 1000 (max. 8388607)
 104 compressed objects within 2 object streams
 0 named destinations out of 1000 (max. 500000)
 20154 words of extra memory for PDF output out of 20736 (max. 10000000)

